C51 COMPILER V9.59.0.0   MAIN                                                              12/29/2022 15:04:44 PAGE 1   


C51 COMPILER V9.59.0.0, COMPILATION OF MODULE MAIN
OBJECT MODULE PLACED IN .\Objects\main.obj
COMPILER INVOKED BY: C:\Program Files\Keil_v5\C51\BIN\C51.EXE main.c OPTIMIZE(8,SPEED) BROWSE DEBUG OBJECTEXTEND PRINT(.
                    -\Listings\main.lst) OBJECT(.\Objects\main.obj)

line level    source

   1          #include <reg52.h>
   2          #include "intrins.h"
   3          
   4          #define uchar unsigned char
   5          #define uint unsigned int
   6          
   7          sbit pwm = P1^0;
   8          sbit sw1 = P3^4;
   9          sbit sw2 = P3^5;
  10          
  11          //TODO:让每个对应的值相等，即angle是多少就是多少度
  12          //5对应0度 10对应45度 15对应90度 20对应135度 25对应180度
  13          uint angle=15;//调整初始角度为90°
  14          uint count;
  15          
  16          void delay(uint ms)
  17          {
  18   1              uint i, j;
  19   1              for(i=0;i<ms;i++)
  20   1                      for(j=0;j<112;j++);
  21   1      }
  22          
  23          void Init()
  24          {
  25   1              //Time0_init
  26   1              TMOD = 0x01;//定时器零工作方式1
  27   1              TL0 = 0xA3;
  28   1              TH0 = 0xFF;//初始值500us
  29   1              ET0 = 1;
  30   1              TF0 = 0;//清除TF0标志
  31   1              TR0 = 1;//定时器开始计时
  32   1              EA = 1;//中断总开关
  33   1      }
  34          
  35          void main()
  36          {
  37   1              count=0;
  38   1              Init();//初始化
  39   1              while(1)
  40   1              {
  41   2                      if(sw1==0)
  42   2                      {
  43   3                              delay(10);//消抖
  44   3                              if(sw1==0)//再次确认
  45   3                              {
  46   4                                      angle++;
  47   4                                      count=0;
  48   4                                      if(angle==25)angle=25;
  49   4                                      while(sw1==0);//直到松手才跳出循环
  50   4                              }
  51   3                      }
  52   2                      if(sw2==0)
  53   2                      {
  54   3                              delay(10);
C51 COMPILER V9.59.0.0   MAIN                                                              12/29/2022 15:04:44 PAGE 2   

  55   3                              if(sw2==0)
  56   3                              {
  57   4                                      angle--;
  58   4                                      count=0;
  59   4                                      if(angle==5)angle=5;
  60   4                                      while(sw2==0);
  61   4                              }
  62   3                      }
  63   2              }
  64   1              while(1);
  65   1      }
  66          
  67          void Timer() interrupt 1 //中断程序pwm信号输出
  68          {
  69   1              TL0 = 0xA3;
  70   1              TH0 = 0xFF;
  71   1      
  72   1              count++;
  73   1              if(count == 20)count = 0;
  74   1              if(count < angle)pwm = 1;
  75   1              else pwm = 0;
  76   1      }


MODULE INFORMATION:   STATIC OVERLAYABLE
   CODE SIZE        =    194    ----
   CONSTANT SIZE    =   ----    ----
   XDATA SIZE       =   ----    ----
   PDATA SIZE       =   ----    ----
   DATA SIZE        =      4    ----
   IDATA SIZE       =   ----    ----
   BIT SIZE         =   ----    ----
END OF MODULE INFORMATION.


C51 COMPILATION COMPLETE.  0 WARNING(S),  0 ERROR(S)
