C51 COMPILER V9.59.0.0   MAIN                                                              12/28/2022 22:32:27 PAGE 1   


C51 COMPILER V9.59.0.0, COMPILATION OF MODULE MAIN
OBJECT MODULE PLACED IN .\Objects\main.obj
COMPILER INVOKED BY: C:\Program Files\Keil_v5\C51\BIN\C51.EXE main.c OPTIMIZE(8,SPEED) BROWSE DEBUG OBJECTEXTEND PRINT(.
                    -\Listings\main.lst) TABS(2) OBJECT(.\Objects\main.obj)

line level    source

   1          #include<reg52.h>
   2          #include<dingshiqi.h>
   3          
   4          sbit k1 = P3^4;
   5          sbit k2 = P3^5;//按钮串口
   6          sbit pwm = P1^0;
   7          
   8          unsigned int angle = 5;//调整初始角度
   9          unsigned int cnt;
  10          
  11          
  12          /*5对应0度 10对应45度 15对应90度 20对应135度 25对应180度*/
  13          
  14          void delay(unsigned int ms)   //@11.0592MHz
  15          {
  16   1        unsigned int i, j;
  17   1          for(i=0;i<ms;i++)
  18   1              for(j=0;j<112;j++);
  19   1      }
  20          
  21          
  22          
  23          void main()
  24          {
  25   1          cnt=0;
  26   1          Timer0_Init();//定时器初始化
  27   1          while(1)
  28   1          {
  29   2              if(k1==0)
  30   2              {
  31   3                  delay(10);//消抖
  32   3                  if(k1==0)//再次确认
  33   3                  {
  34   4                      angle++;
  35   4                      cnt=0;
  36   4                      if(angle==25)
  37   4                          angle=25;
  38   4                      while(k1==0);
  39   4                  }
  40   3              }
  41   2              if(k2==0)
  42   2              {
  43   3                  delay(10);
  44   3                  if(k2==0)
  45   3                  {
  46   4                      angle--;
  47   4                      cnt=0;
  48   4                      if(angle==5)
  49   4                          angle=5;
  50   4                      while(k2==0);
  51   4                  }
  52   3              }
  53   2      
  54   2          }
C51 COMPILER V9.59.0.0   MAIN                                                              12/28/2022 22:32:27 PAGE 2   

  55   1          while(1);
  56   1      }
  57          
  58          void Timer() interrupt 1 //中断程序pwm信号输出
  59          {
  60   1          TL0 = 0xA3;
  61   1          TH0 = 0xFF;
  62   1          cnt++;
  63   1          if(cnt == 20)
  64   1          {
  65   2              cnt = 0;
  66   2          }
  67   1          if(cnt < angle)
  68   1          {
  69   2              pwm = 1;
  70   2          }
  71   1          else
  72   1          {
  73   2              pwm = 0;
  74   2          }
  75   1      }


MODULE INFORMATION:   STATIC OVERLAYABLE
   CODE SIZE        =    176    ----
   CONSTANT SIZE    =   ----    ----
   XDATA SIZE       =   ----    ----
   PDATA SIZE       =   ----    ----
   DATA SIZE        =      4    ----
   IDATA SIZE       =   ----    ----
   BIT SIZE         =   ----    ----
END OF MODULE INFORMATION.


C51 COMPILATION COMPLETE.  0 WARNING(S),  0 ERROR(S)
