C51 COMPILER V9.59.0.0   DINGSHIQI                                                         03/16/2022 20:40:25 PAGE 1   


C51 COMPILER V9.59.0.0, COMPILATION OF MODULE DINGSHIQI
OBJECT MODULE PLACED IN .\Objects\dingshiqi.obj
COMPILER INVOKED BY: E:\Keil_v5\C51\BIN\C51.EXE dingshiqi.c OPTIMIZE(8,SPEED) BROWSE DEBUG OBJECTEXTEND PRINT(.\Listings
                    -\dingshiqi.lst) OBJECT(.\Objects\dingshiqi.obj)

line level    source

   1          #include<reg52.h>
   2          #include<dingshiqi.h>
   3          
   4          void Timer0_Init()
   5          {
   6   1              TMOD = 0x01;//定时器零工作方式1
   7   1          TL0 = 0xA3;
   8   1          TH0 = 0xFF;//初始值500us
   9   1          ET0 = 1;
  10   1          TF0 = 0;//清除TF0标志
  11   1          TR0 = 1;//定时器开始计时
  12   1          EA = 1;//中断总开关
  13   1      }


MODULE INFORMATION:   STATIC OVERLAYABLE
   CODE SIZE        =     18    ----
   CONSTANT SIZE    =   ----    ----
   XDATA SIZE       =   ----    ----
   PDATA SIZE       =   ----    ----
   DATA SIZE        =   ----    ----
   IDATA SIZE       =   ----    ----
   BIT SIZE         =   ----    ----
END OF MODULE INFORMATION.


C51 COMPILATION COMPLETE.  0 WARNING(S),  0 ERROR(S)
