C51 COMPILER V9.59.0.0   MAIN                                                              01/26/2023 22:33:34 PAGE 1   


C51 COMPILER V9.59.0.0, COMPILATION OF MODULE MAIN
OBJECT MODULE PLACED IN .\Objects\main.obj
COMPILER INVOKED BY: C:\Program Files\Keil_v5\C51\BIN\C51.EXE main.c OPTIMIZE(8,SPEED) BROWSE DEBUG OBJECTEXTEND PRINT(.
                    -\Listings\main.lst) OBJECT(.\Objects\main.obj)

line level    source

   1          #include <reg52.h>
   2          #include "intrins.h"
   3          
   4          #define uchar unsigned char
   5          #define uint unsigned int
   6          
   7          sbit pwm = P1^0;
   8          sbit sw1 = P3^2;
   9          sbit sw2 = P3^3;
  10          bit New_rec = 0, Send_ed = 1;
  11          uint UART_buff;
  12          //TODO:让每个对应的值相等，即angle是多少就是多少度
  13          //5对应0度 10对应45度 15对应90度 20对应135度 25对应180度
  14          uint angle=0;//调整初始角度为0°
  15          uint count=0;
  16          int i=0;
  17          
  18          void delay(uint ms)
  19          {
  20   1              uint i, j;
  21   1              for(i=0;i<ms;i++)
  22   1                      for(j=0;j<112;j++);
  23   1      }
  24          
  25          void Init()
  26          {
  27   1              //Time0_init
  28   1              TMOD |= 0x01;//定时器零工作方式1
  29   1              TL0 = 0xA3;
  30   1              TH0 = 0xFF;//初始值500us
  31   1              ET0 = 1;
  32   1              TF0 = 0;//清除TF0标志
  33   1              TR0 = 1;//定时器开始计时
  34   1              
  35   1              //接收中断初始化
  36   1              SCON=0x50;//设定串口工作方式0101 0000
  37   1              PCON=0x00;
  38   1              TMOD |=0x20;
  39   1              TL1=0xfd;//波特率9600
  40   1              TH1=0xfd;
  41   1              TR1=1;
  42   1              
  43   1              
  44   1              EA = 1;
  45   1              ES  = 1;       //开中断
  46   1              
  47   1      }
  48          
  49          void main()
  50          {
  51   1              Init();//初始化
  52   1              while(1)
  53   1              {
  54   2                      if(sw1==0)
C51 COMPILER V9.59.0.0   MAIN                                                              01/26/2023 22:33:34 PAGE 2   

  55   2                      {
  56   3                              //当angle=180时，只能按sw2，按sw1不起作用
  57   3                              if(angle<180)
  58   3                              {
  59   4                                      for(i=0;i<=180;i++)
  60   4                                      {
  61   5                                              angle=i;
  62   5                                              delay(2);
  63   5                                      }
  64   4                              }
  65   3                              count=0;
  66   3                              while(sw1==0);//直到松手才跳出循环
  67   3                      }
  68   2                      if(sw2==0)
  69   2                      {
  70   3                              //当angle=0时，只能按sw1，按sw2不起作用
  71   3                              if(angle>0)
  72   3                              {
  73   4                                      for(i=180;i>=0;i--)
  74   4                                      {
  75   5                                              angle=i;
  76   5                                              delay(2);
  77   5                                      }
  78   4                              }
  79   3                              if(angle<=0)angle=0;
  80   3                              count=0;
  81   3                              while(sw2==0);
  82   3                      }
  83   2              }
  84   1      }
  85          
  86          void Timer() interrupt 1 //中断程序pwm信号输出
  87          {
  88   1              TL0 = 0xA3;
  89   1              TH0 = 0xFF;
  90   1      
  91   1              count++;
  92   1              if(count == 20)count = 0;
  93   1              if(count < angle/6)pwm = 1;
  94   1              else pwm = 0;
  95   1      }
  96          
  97          void ser_int (void) interrupt 4
  98          {
  99   1              if(RI == 1) 
 100   1              {
 101   2                      ES=0;           //暂时关闭串口中断
 102   2                      //如果收到.
 103   2                      RI = 0;      //清除标志.
 104   2                      New_rec = 1;
 105   2                      UART_buff = SBUF;  //把收到的信息从SBUF放到UART_buff中
 106   2                      if(UART_buff == 1 || UART_buff==0x31)  
 107   2                      {
 108   3                              sw1=0;
 109   3                              sw2=1;
 110   3                      }
 111   2                      else if(UART_buff == 0 || UART_buff==0x30)
 112   2                      {
 113   3                              sw1=1;
 114   3                              sw2=0;
 115   3                      }
 116   2              }
C51 COMPILER V9.59.0.0   MAIN                                                              01/26/2023 22:33:34 PAGE 3   

 117   1              else
 118   1              {        //如果送毕.
 119   2            TI = 0;      //清除标志.
 120   2            Send_ed = 1;
 121   2          }
 122   1              ES=1;//开启串口中断
 123   1      }


MODULE INFORMATION:   STATIC OVERLAYABLE
   CODE SIZE        =    363    ----
   CONSTANT SIZE    =   ----    ----
   XDATA SIZE       =   ----    ----
   PDATA SIZE       =   ----    ----
   DATA SIZE        =      8    ----
   IDATA SIZE       =   ----    ----
   BIT SIZE         =      2    ----
END OF MODULE INFORMATION.


C51 COMPILATION COMPLETE.  0 WARNING(S),  0 ERROR(S)
